<?xml version="1.0" encoding="UTF-8"?>
<testsuite name="com.kingland.kata.TennisTest" tests="99" skipped="0" failures="0" errors="0" timestamp="2020-12-17T23:20:02" hostname="vagrant" time="0.251">
  <properties/>
  <testcase name="checkAllScoresTennisGame1(int, int, String)[1]" classname="com.kingland.kata.TennisTest" time="0.048"/>
  <testcase name="checkAllScoresTennisGame1(int, int, String)[2]" classname="com.kingland.kata.TennisTest" time="0.001"/>
  <testcase name="checkAllScoresTennisGame1(int, int, String)[3]" classname="com.kingland.kata.TennisTest" time="0.001"/>
  <testcase name="checkAllScoresTennisGame1(int, int, String)[4]" classname="com.kingland.kata.TennisTest" time="0.001"/>
  <testcase name="checkAllScoresTennisGame1(int, int, String)[5]" classname="com.kingland.kata.TennisTest" time="0.014"/>
  <testcase name="checkAllScoresTennisGame1(int, int, String)[6]" classname="com.kingland.kata.TennisTest" time="0.001"/>
  <testcase name="checkAllScoresTennisGame1(int, int, String)[7]" classname="com.kingland.kata.TennisTest" time="0.002"/>
  <testcase name="checkAllScoresTennisGame1(int, int, String)[8]" classname="com.kingland.kata.TennisTest" time="0.001"/>
  <testcase name="checkAllScoresTennisGame1(int, int, String)[9]" classname="com.kingland.kata.TennisTest" time="0.0"/>
  <testcase name="checkAllScoresTennisGame1(int, int, String)[10]" classname="com.kingland.kata.TennisTest" time="0.001"/>
  <testcase name="checkAllScoresTennisGame1(int, int, String)[11]" classname="com.kingland.kata.TennisTest" time="0.003"/>
  <testcase name="checkAllScoresTennisGame1(int, int, String)[12]" classname="com.kingland.kata.TennisTest" time="0.001"/>
  <testcase name="checkAllScoresTennisGame1(int, int, String)[13]" classname="com.kingland.kata.TennisTest" time="0.001"/>
  <testcase name="checkAllScoresTennisGame1(int, int, String)[14]" classname="com.kingland.kata.TennisTest" time="0.001"/>
  <testcase name="checkAllScoresTennisGame1(int, int, String)[15]" classname="com.kingland.kata.TennisTest" time="0.001"/>
  <testcase name="checkAllScoresTennisGame1(int, int, String)[16]" classname="com.kingland.kata.TennisTest" time="0.001"/>
  <testcase name="checkAllScoresTennisGame1(int, int, String)[17]" classname="com.kingland.kata.TennisTest" time="0.0"/>
  <testcase name="checkAllScoresTennisGame1(int, int, String)[18]" classname="com.kingland.kata.TennisTest" time="0.001"/>
  <testcase name="checkAllScoresTennisGame1(int, int, String)[19]" classname="com.kingland.kata.TennisTest" time="0.001"/>
  <testcase name="checkAllScoresTennisGame1(int, int, String)[20]" classname="com.kingland.kata.TennisTest" time="0.0"/>
  <testcase name="checkAllScoresTennisGame1(int, int, String)[21]" classname="com.kingland.kata.TennisTest" time="0.003"/>
  <testcase name="checkAllScoresTennisGame1(int, int, String)[22]" classname="com.kingland.kata.TennisTest" time="0.001"/>
  <testcase name="checkAllScoresTennisGame1(int, int, String)[23]" classname="com.kingland.kata.TennisTest" time="0.001"/>
  <testcase name="checkAllScoresTennisGame1(int, int, String)[24]" classname="com.kingland.kata.TennisTest" time="0.0"/>
  <testcase name="checkAllScoresTennisGame1(int, int, String)[25]" classname="com.kingland.kata.TennisTest" time="0.0"/>
  <testcase name="checkAllScoresTennisGame1(int, int, String)[26]" classname="com.kingland.kata.TennisTest" time="0.001"/>
  <testcase name="checkAllScoresTennisGame1(int, int, String)[27]" classname="com.kingland.kata.TennisTest" time="0.003"/>
  <testcase name="checkAllScoresTennisGame1(int, int, String)[28]" classname="com.kingland.kata.TennisTest" time="0.002"/>
  <testcase name="checkAllScoresTennisGame1(int, int, String)[29]" classname="com.kingland.kata.TennisTest" time="0.002"/>
  <testcase name="checkAllScoresTennisGame1(int, int, String)[30]" classname="com.kingland.kata.TennisTest" time="0.0"/>
  <testcase name="checkAllScoresTennisGame1(int, int, String)[31]" classname="com.kingland.kata.TennisTest" time="0.0"/>
  <testcase name="checkAllScoresTennisGame1(int, int, String)[32]" classname="com.kingland.kata.TennisTest" time="0.001"/>
  <testcase name="checkAllScoresTennisGame1(int, int, String)[33]" classname="com.kingland.kata.TennisTest" time="0.0"/>
  <testcase name="checkAllScoresTennisGame2(int, int, String)[1]" classname="com.kingland.kata.TennisTest" time="0.0"/>
  <testcase name="checkAllScoresTennisGame2(int, int, String)[2]" classname="com.kingland.kata.TennisTest" time="0.001"/>
  <testcase name="checkAllScoresTennisGame2(int, int, String)[3]" classname="com.kingland.kata.TennisTest" time="0.0"/>
  <testcase name="checkAllScoresTennisGame2(int, int, String)[4]" classname="com.kingland.kata.TennisTest" time="0.0"/>
  <testcase name="checkAllScoresTennisGame2(int, int, String)[5]" classname="com.kingland.kata.TennisTest" time="0.001"/>
  <testcase name="checkAllScoresTennisGame2(int, int, String)[6]" classname="com.kingland.kata.TennisTest" time="0.0"/>
  <testcase name="checkAllScoresTennisGame2(int, int, String)[7]" classname="com.kingland.kata.TennisTest" time="0.002"/>
  <testcase name="checkAllScoresTennisGame2(int, int, String)[8]" classname="com.kingland.kata.TennisTest" time="0.001"/>
  <testcase name="checkAllScoresTennisGame2(int, int, String)[9]" classname="com.kingland.kata.TennisTest" time="0.001"/>
  <testcase name="checkAllScoresTennisGame2(int, int, String)[10]" classname="com.kingland.kata.TennisTest" time="0.0"/>
  <testcase name="checkAllScoresTennisGame2(int, int, String)[11]" classname="com.kingland.kata.TennisTest" time="0.0"/>
  <testcase name="checkAllScoresTennisGame2(int, int, String)[12]" classname="com.kingland.kata.TennisTest" time="0.0"/>
  <testcase name="checkAllScoresTennisGame2(int, int, String)[13]" classname="com.kingland.kata.TennisTest" time="0.0"/>
  <testcase name="checkAllScoresTennisGame2(int, int, String)[14]" classname="com.kingland.kata.TennisTest" time="0.001"/>
  <testcase name="checkAllScoresTennisGame2(int, int, String)[15]" classname="com.kingland.kata.TennisTest" time="0.0"/>
  <testcase name="checkAllScoresTennisGame2(int, int, String)[16]" classname="com.kingland.kata.TennisTest" time="0.0"/>
  <testcase name="checkAllScoresTennisGame2(int, int, String)[17]" classname="com.kingland.kata.TennisTest" time="0.0"/>
  <testcase name="checkAllScoresTennisGame2(int, int, String)[18]" classname="com.kingland.kata.TennisTest" time="0.0"/>
  <testcase name="checkAllScoresTennisGame2(int, int, String)[19]" classname="com.kingland.kata.TennisTest" time="0.0"/>
  <testcase name="checkAllScoresTennisGame2(int, int, String)[20]" classname="com.kingland.kata.TennisTest" time="0.001"/>
  <testcase name="checkAllScoresTennisGame2(int, int, String)[21]" classname="com.kingland.kata.TennisTest" time="0.0"/>
  <testcase name="checkAllScoresTennisGame2(int, int, String)[22]" classname="com.kingland.kata.TennisTest" time="0.0"/>
  <testcase name="checkAllScoresTennisGame2(int, int, String)[23]" classname="com.kingland.kata.TennisTest" time="0.0"/>
  <testcase name="checkAllScoresTennisGame2(int, int, String)[24]" classname="com.kingland.kata.TennisTest" time="0.0"/>
  <testcase name="checkAllScoresTennisGame2(int, int, String)[25]" classname="com.kingland.kata.TennisTest" time="0.001"/>
  <testcase name="checkAllScoresTennisGame2(int, int, String)[26]" classname="com.kingland.kata.TennisTest" time="0.0"/>
  <testcase name="checkAllScoresTennisGame2(int, int, String)[27]" classname="com.kingland.kata.TennisTest" time="0.0"/>
  <testcase name="checkAllScoresTennisGame2(int, int, String)[28]" classname="com.kingland.kata.TennisTest" time="0.0"/>
  <testcase name="checkAllScoresTennisGame2(int, int, String)[29]" classname="com.kingland.kata.TennisTest" time="0.001"/>
  <testcase name="checkAllScoresTennisGame2(int, int, String)[30]" classname="com.kingland.kata.TennisTest" time="0.0"/>
  <testcase name="checkAllScoresTennisGame2(int, int, String)[31]" classname="com.kingland.kata.TennisTest" time="0.0"/>
  <testcase name="checkAllScoresTennisGame2(int, int, String)[32]" classname="com.kingland.kata.TennisTest" time="0.0"/>
  <testcase name="checkAllScoresTennisGame2(int, int, String)[33]" classname="com.kingland.kata.TennisTest" time="0.0"/>
  <testcase name="checkAllScoresTennisGame3(int, int, String)[1]" classname="com.kingland.kata.TennisTest" time="0.001"/>
  <testcase name="checkAllScoresTennisGame3(int, int, String)[2]" classname="com.kingland.kata.TennisTest" time="0.0"/>
  <testcase name="checkAllScoresTennisGame3(int, int, String)[3]" classname="com.kingland.kata.TennisTest" time="0.0"/>
  <testcase name="checkAllScoresTennisGame3(int, int, String)[4]" classname="com.kingland.kata.TennisTest" time="0.0"/>
  <testcase name="checkAllScoresTennisGame3(int, int, String)[5]" classname="com.kingland.kata.TennisTest" time="0.0"/>
  <testcase name="checkAllScoresTennisGame3(int, int, String)[6]" classname="com.kingland.kata.TennisTest" time="0.0"/>
  <testcase name="checkAllScoresTennisGame3(int, int, String)[7]" classname="com.kingland.kata.TennisTest" time="0.001"/>
  <testcase name="checkAllScoresTennisGame3(int, int, String)[8]" classname="com.kingland.kata.TennisTest" time="0.0"/>
  <testcase name="checkAllScoresTennisGame3(int, int, String)[9]" classname="com.kingland.kata.TennisTest" time="0.0"/>
  <testcase name="checkAllScoresTennisGame3(int, int, String)[10]" classname="com.kingland.kata.TennisTest" time="0.0"/>
  <testcase name="checkAllScoresTennisGame3(int, int, String)[11]" classname="com.kingland.kata.TennisTest" time="0.001"/>
  <testcase name="checkAllScoresTennisGame3(int, int, String)[12]" classname="com.kingland.kata.TennisTest" time="0.0"/>
  <testcase name="checkAllScoresTennisGame3(int, int, String)[13]" classname="com.kingland.kata.TennisTest" time="0.001"/>
  <testcase name="checkAllScoresTennisGame3(int, int, String)[14]" classname="com.kingland.kata.TennisTest" time="0.0"/>
  <testcase name="checkAllScoresTennisGame3(int, int, String)[15]" classname="com.kingland.kata.TennisTest" time="0.0"/>
  <testcase name="checkAllScoresTennisGame3(int, int, String)[16]" classname="com.kingland.kata.TennisTest" time="0.001"/>
  <testcase name="checkAllScoresTennisGame3(int, int, String)[17]" classname="com.kingland.kata.TennisTest" time="0.0"/>
  <testcase name="checkAllScoresTennisGame3(int, int, String)[18]" classname="com.kingland.kata.TennisTest" time="0.0"/>
  <testcase name="checkAllScoresTennisGame3(int, int, String)[19]" classname="com.kingland.kata.TennisTest" time="0.001"/>
  <testcase name="checkAllScoresTennisGame3(int, int, String)[20]" classname="com.kingland.kata.TennisTest" time="0.0"/>
  <testcase name="checkAllScoresTennisGame3(int, int, String)[21]" classname="com.kingland.kata.TennisTest" time="0.0"/>
  <testcase name="checkAllScoresTennisGame3(int, int, String)[22]" classname="com.kingland.kata.TennisTest" time="0.005"/>
  <testcase name="checkAllScoresTennisGame3(int, int, String)[23]" classname="com.kingland.kata.TennisTest" time="0.002"/>
  <testcase name="checkAllScoresTennisGame3(int, int, String)[24]" classname="com.kingland.kata.TennisTest" time="0.001"/>
  <testcase name="checkAllScoresTennisGame3(int, int, String)[25]" classname="com.kingland.kata.TennisTest" time="0.0"/>
  <testcase name="checkAllScoresTennisGame3(int, int, String)[26]" classname="com.kingland.kata.TennisTest" time="0.001"/>
  <testcase name="checkAllScoresTennisGame3(int, int, String)[27]" classname="com.kingland.kata.TennisTest" time="0.0"/>
  <testcase name="checkAllScoresTennisGame3(int, int, String)[28]" classname="com.kingland.kata.TennisTest" time="0.0"/>
  <testcase name="checkAllScoresTennisGame3(int, int, String)[29]" classname="com.kingland.kata.TennisTest" time="0.0"/>
  <testcase name="checkAllScoresTennisGame3(int, int, String)[30]" classname="com.kingland.kata.TennisTest" time="0.001"/>
  <testcase name="checkAllScoresTennisGame3(int, int, String)[31]" classname="com.kingland.kata.TennisTest" time="0.004"/>
  <testcase name="checkAllScoresTennisGame3(int, int, String)[32]" classname="com.kingland.kata.TennisTest" time="0.0"/>
  <testcase name="checkAllScoresTennisGame3(int, int, String)[33]" classname="com.kingland.kata.TennisTest" time="0.009"/>
  <system-out><![CDATA[]]></system-out>
  <system-err><![CDATA[]]></system-err>
</testsuite>
